<?xml version="1.0" encoding="UTF-8"?>
<!-- Generated by org.testng.reporters.JUnitReportReporter -->
<testsuite hostname="Abhishek" failures="0" tests="2" name="LoginTest" time="48.075" errors="0" timestamp="2025-05-03T18:39:14 IST" skipped="0">
  <testcase classname="LoginTest" name="clickOnGmail" time="32.933"/>
  <testcase classname="LoginTest" name="googleSearch" time="15.142"/>
</testsuite> <!-- LoginTest -->
